running egg_info
writing ../../build/deepros/deepros.egg-info/PKG-INFO
writing dependency_links to ../../build/deepros/deepros.egg-info/dependency_links.txt
writing entry points to ../../build/deepros/deepros.egg-info/entry_points.txt
writing requirements to ../../build/deepros/deepros.egg-info/requires.txt
writing top-level names to ../../build/deepros/deepros.egg-info/top_level.txt
reading manifest file '../../build/deepros/deepros.egg-info/SOURCES.txt'
writing manifest file '../../build/deepros/deepros.egg-info/SOURCES.txt'
running build
running build_py
running install
running install_lib
running install_data
copying package.xml -> /home/ros/ros2/install/deepros/share/deepros
running install_egg_info
removing '/home/ros/ros2/install/deepros/lib/python3.10/site-packages/deepros-0.0.0-py3.10.egg-info' (and everything under it)
Copying ../../build/deepros/deepros.egg-info to /home/ros/ros2/install/deepros/lib/python3.10/site-packages/deepros-0.0.0-py3.10.egg-info
running install_scripts
Installing class script to /home/ros/ros2/install/deepros/lib/deepros
Installing detect script to /home/ros/ros2/install/deepros/lib/deepros
writing list of installed files to '/home/ros/ros2/build/deepros/install.log'
