[0.414s] Invoking command in '/home/ros/ros2/src/deepros': PYTHONPATH=/home/ros/ros2/build/deepros/prefix_override:/usr/lib/python3/dist-packages/colcon_core/task/python/colcon_distutils_commands:/home/ros/ros2/install/deepros/lib/python3.10/site-packages:${PYTHONPATH} /usr/bin/python3 -W ignore:setup.py install is deprecated -W ignore:easy_install command is deprecated setup.py egg_info --egg-base ../../build/deepros build --build-base /home/ros/ros2/build/deepros/build install --record /home/ros/ros2/build/deepros/install.log --single-version-externally-managed install_data
[0.566s] running egg_info
[0.566s] writing ../../build/deepros/deepros.egg-info/PKG-INFO
[0.567s] writing dependency_links to ../../build/deepros/deepros.egg-info/dependency_links.txt
[0.567s] writing entry points to ../../build/deepros/deepros.egg-info/entry_points.txt
[0.567s] writing requirements to ../../build/deepros/deepros.egg-info/requires.txt
[0.567s] writing top-level names to ../../build/deepros/deepros.egg-info/top_level.txt
[0.568s] reading manifest file '../../build/deepros/deepros.egg-info/SOURCES.txt'
[0.569s] writing manifest file '../../build/deepros/deepros.egg-info/SOURCES.txt'
[0.569s] running build
[0.569s] running build_py
[0.569s] running install
[0.569s] running install_lib
[0.570s] running install_data
[0.570s] copying package.xml -> /home/ros/ros2/install/deepros/share/deepros
[0.570s] running install_egg_info
[0.571s] removing '/home/ros/ros2/install/deepros/lib/python3.10/site-packages/deepros-0.0.0-py3.10.egg-info' (and everything under it)
[0.572s] Copying ../../build/deepros/deepros.egg-info to /home/ros/ros2/install/deepros/lib/python3.10/site-packages/deepros-0.0.0-py3.10.egg-info
[0.572s] running install_scripts
[0.585s] Installing class script to /home/ros/ros2/install/deepros/lib/deepros
[0.585s] Installing detect script to /home/ros/ros2/install/deepros/lib/deepros
[0.586s] writing list of installed files to '/home/ros/ros2/build/deepros/install.log'
[0.601s] Invoked command in '/home/ros/ros2/src/deepros' returned '0': PYTHONPATH=/home/ros/ros2/build/deepros/prefix_override:/usr/lib/python3/dist-packages/colcon_core/task/python/colcon_distutils_commands:/home/ros/ros2/install/deepros/lib/python3.10/site-packages:${PYTHONPATH} /usr/bin/python3 -W ignore:setup.py install is deprecated -W ignore:easy_install command is deprecated setup.py egg_info --egg-base ../../build/deepros build --build-base /home/ros/ros2/build/deepros/build install --record /home/ros/ros2/build/deepros/install.log --single-version-externally-managed install_data
