[0.395s] Invoking command in '/home/ros/ros2/src/deepros': PYTHONPATH=/home/ros/ros2/build/deepros/prefix_override:/usr/lib/python3/dist-packages/colcon_core/task/python/colcon_distutils_commands:/home/ros/ros2/install/deepros/lib/python3.10/site-packages:${PYTHONPATH} /usr/bin/python3 -W ignore:setup.py install is deprecated -W ignore:easy_install command is deprecated setup.py egg_info --egg-base ../../build/deepros build --build-base /home/ros/ros2/build/deepros/build install --record /home/ros/ros2/build/deepros/install.log --single-version-externally-managed install_data
[0.542s] running egg_info
[0.542s] writing ../../build/deepros/deepros.egg-info/PKG-INFO
[0.542s] writing dependency_links to ../../build/deepros/deepros.egg-info/dependency_links.txt
[0.542s] writing entry points to ../../build/deepros/deepros.egg-info/entry_points.txt
[0.542s] writing requirements to ../../build/deepros/deepros.egg-info/requires.txt
[0.542s] writing top-level names to ../../build/deepros/deepros.egg-info/top_level.txt
[0.543s] reading manifest file '../../build/deepros/deepros.egg-info/SOURCES.txt'
[0.544s] writing manifest file '../../build/deepros/deepros.egg-info/SOURCES.txt'
[0.544s] running build
[0.544s] running build_py
[0.544s] copying deepros/deepstream_class.py -> /home/ros/ros2/build/deepros/build/lib/deepros
[0.544s] copying deepros/snode.py -> /home/ros/ros2/build/deepros/build/lib/deepros
[0.544s] copying deepros/run.py -> /home/ros/ros2/build/deepros/build/lib/deepros
[0.544s] running install
[0.544s] running install_lib
[0.545s] copying /home/ros/ros2/build/deepros/build/lib/deepros/deepstream_class.py -> /home/ros/ros2/install/deepros/lib/python3.10/site-packages/deepros
[0.545s] copying /home/ros/ros2/build/deepros/build/lib/deepros/snode.py -> /home/ros/ros2/install/deepros/lib/python3.10/site-packages/deepros
[0.545s] copying /home/ros/ros2/build/deepros/build/lib/deepros/run.py -> /home/ros/ros2/install/deepros/lib/python3.10/site-packages/deepros
[0.545s] byte-compiling /home/ros/ros2/install/deepros/lib/python3.10/site-packages/deepros/deepstream_class.py to deepstream_class.cpython-310.pyc
[0.547s] byte-compiling /home/ros/ros2/install/deepros/lib/python3.10/site-packages/deepros/snode.py to snode.cpython-310.pyc
[0.547s] byte-compiling /home/ros/ros2/install/deepros/lib/python3.10/site-packages/deepros/run.py to run.cpython-310.pyc
[0.548s] running install_data
[0.548s] running install_egg_info
[0.549s] removing '/home/ros/ros2/install/deepros/lib/python3.10/site-packages/deepros-0.0.0-py3.10.egg-info' (and everything under it)
[0.549s] Copying ../../build/deepros/deepros.egg-info to /home/ros/ros2/install/deepros/lib/python3.10/site-packages/deepros-0.0.0-py3.10.egg-info
[0.550s] running install_scripts
[0.564s] Installing detect script to /home/ros/ros2/install/deepros/lib/deepros
[0.564s] Installing subs script to /home/ros/ros2/install/deepros/lib/deepros
[0.564s] writing list of installed files to '/home/ros/ros2/build/deepros/install.log'
[0.580s] Invoked command in '/home/ros/ros2/src/deepros' returned '0': PYTHONPATH=/home/ros/ros2/build/deepros/prefix_override:/usr/lib/python3/dist-packages/colcon_core/task/python/colcon_distutils_commands:/home/ros/ros2/install/deepros/lib/python3.10/site-packages:${PYTHONPATH} /usr/bin/python3 -W ignore:setup.py install is deprecated -W ignore:easy_install command is deprecated setup.py egg_info --egg-base ../../build/deepros build --build-base /home/ros/ros2/build/deepros/build install --record /home/ros/ros2/build/deepros/install.log --single-version-externally-managed install_data
