running egg_info
creating ../../build/deepros/deepros.egg-info
writing ../../build/deepros/deepros.egg-info/PKG-INFO
writing dependency_links to ../../build/deepros/deepros.egg-info/dependency_links.txt
writing entry points to ../../build/deepros/deepros.egg-info/entry_points.txt
writing requirements to ../../build/deepros/deepros.egg-info/requires.txt
writing top-level names to ../../build/deepros/deepros.egg-info/top_level.txt
writing manifest file '../../build/deepros/deepros.egg-info/SOURCES.txt'
reading manifest file '../../build/deepros/deepros.egg-info/SOURCES.txt'
writing manifest file '../../build/deepros/deepros.egg-info/SOURCES.txt'
running build
running build_py
creating /home/ros/ros2/build/deepros/build
creating /home/ros/ros2/build/deepros/build/lib
creating /home/ros/ros2/build/deepros/build/lib/deepros
copying deepros/__init__.py -> /home/ros/ros2/build/deepros/build/lib/deepros
running install
running install_lib
creating /home/ros/ros2/install/deepros/lib/python3.10/site-packages/deepros
copying /home/ros/ros2/build/deepros/build/lib/deepros/__init__.py -> /home/ros/ros2/install/deepros/lib/python3.10/site-packages/deepros
byte-compiling /home/ros/ros2/install/deepros/lib/python3.10/site-packages/deepros/__init__.py to __init__.cpython-310.pyc
running install_data
creating /home/ros/ros2/install/deepros/share/ament_index
creating /home/ros/ros2/install/deepros/share/ament_index/resource_index
creating /home/ros/ros2/install/deepros/share/ament_index/resource_index/packages
copying resource/deepros -> /home/ros/ros2/install/deepros/share/ament_index/resource_index/packages
copying package.xml -> /home/ros/ros2/install/deepros/share/deepros
running install_egg_info
Copying ../../build/deepros/deepros.egg-info to /home/ros/ros2/install/deepros/lib/python3.10/site-packages/deepros-0.0.0-py3.10.egg-info
running install_scripts
Installing MinimalPublisher script to /home/ros/ros2/install/deepros/lib/deepros
writing list of installed files to '/home/ros/ros2/build/deepros/install.log'
