[0.401s] Invoking command in '/home/ros/ros2/src/deepros': PYTHONPATH=/home/ros/ros2/build/deepros/prefix_override:/usr/lib/python3/dist-packages/colcon_core/task/python/colcon_distutils_commands:/home/ros/ros2/install/deepros/lib/python3.10/site-packages:${PYTHONPATH} /usr/bin/python3 -W ignore:setup.py install is deprecated -W ignore:easy_install command is deprecated setup.py egg_info --egg-base ../../build/deepros build --build-base /home/ros/ros2/build/deepros/build install --record /home/ros/ros2/build/deepros/install.log --single-version-externally-managed install_data
[0.532s] running egg_info
[0.532s] creating ../../build/deepros/deepros.egg-info
[0.532s] writing ../../build/deepros/deepros.egg-info/PKG-INFO
[0.532s] writing dependency_links to ../../build/deepros/deepros.egg-info/dependency_links.txt
[0.532s] writing entry points to ../../build/deepros/deepros.egg-info/entry_points.txt
[0.532s] writing requirements to ../../build/deepros/deepros.egg-info/requires.txt
[0.533s] writing top-level names to ../../build/deepros/deepros.egg-info/top_level.txt
[0.533s] writing manifest file '../../build/deepros/deepros.egg-info/SOURCES.txt'
[0.534s] reading manifest file '../../build/deepros/deepros.egg-info/SOURCES.txt'
[0.534s] writing manifest file '../../build/deepros/deepros.egg-info/SOURCES.txt'
[0.534s] running build
[0.534s] running build_py
[0.534s] creating /home/ros/ros2/build/deepros/build
[0.534s] creating /home/ros/ros2/build/deepros/build/lib
[0.534s] creating /home/ros/ros2/build/deepros/build/lib/deepros
[0.534s] copying deepros/__init__.py -> /home/ros/ros2/build/deepros/build/lib/deepros
[0.535s] running install
[0.535s] running install_lib
[0.535s] creating /home/ros/ros2/install/deepros/lib/python3.10/site-packages/deepros
[0.535s] copying /home/ros/ros2/build/deepros/build/lib/deepros/__init__.py -> /home/ros/ros2/install/deepros/lib/python3.10/site-packages/deepros
[0.535s] byte-compiling /home/ros/ros2/install/deepros/lib/python3.10/site-packages/deepros/__init__.py to __init__.cpython-310.pyc
[0.535s] running install_data
[0.535s] creating /home/ros/ros2/install/deepros/share/ament_index
[0.535s] creating /home/ros/ros2/install/deepros/share/ament_index/resource_index
[0.536s] creating /home/ros/ros2/install/deepros/share/ament_index/resource_index/packages
[0.536s] copying resource/deepros -> /home/ros/ros2/install/deepros/share/ament_index/resource_index/packages
[0.536s] copying package.xml -> /home/ros/ros2/install/deepros/share/deepros
[0.536s] running install_egg_info
[0.537s] Copying ../../build/deepros/deepros.egg-info to /home/ros/ros2/install/deepros/lib/python3.10/site-packages/deepros-0.0.0-py3.10.egg-info
[0.537s] running install_scripts
[0.550s] Installing MinimalPublisher script to /home/ros/ros2/install/deepros/lib/deepros
[0.550s] writing list of installed files to '/home/ros/ros2/build/deepros/install.log'
[0.565s] Invoked command in '/home/ros/ros2/src/deepros' returned '0': PYTHONPATH=/home/ros/ros2/build/deepros/prefix_override:/usr/lib/python3/dist-packages/colcon_core/task/python/colcon_distutils_commands:/home/ros/ros2/install/deepros/lib/python3.10/site-packages:${PYTHONPATH} /usr/bin/python3 -W ignore:setup.py install is deprecated -W ignore:easy_install command is deprecated setup.py egg_info --egg-base ../../build/deepros build --build-base /home/ros/ros2/build/deepros/build install --record /home/ros/ros2/build/deepros/install.log --single-version-externally-managed install_data
